<?xml version="1.0" encoding="UTF-8"?>
<testng-results skipped="0" failed="0" total="1" passed="1">
  <reporter-output>
  </reporter-output>
  <suite name="Default suite" duration-ms="11942" started-at="2016-07-03T11:37:38Z" finished-at="2016-07-03T11:37:49Z">
    <groups>
    </groups>
    <test name="Default test" duration-ms="11942" started-at="2016-07-03T11:37:38Z" finished-at="2016-07-03T11:37:49Z">
      <class name="Package.Grid.ChromeBrowserExample">
        <test-method status="PASS" signature="ChromeBrowser()[pri:0, instance:Package.Grid.ChromeBrowserExample@283dc831]" name="ChromeBrowser" duration-ms="11920" started-at="2016-07-03T17:07:38Z" finished-at="2016-07-03T17:07:49Z">
          <reporter-output>
          </reporter-output>
        </test-method> <!-- ChromeBrowser -->
      </class> <!-- Package.Grid.ChromeBrowserExample -->
    </test> <!-- Default test -->
  </suite> <!-- Default suite -->
</testng-results>
