<?xml version="1.0" encoding="UTF-8"?>
<!-- Generated by org.testng.reporters.JUnitXMLReporter -->
<testsuite hostname="VivekanandYG" name="Test" tests="5" failures="0" timestamp="7 Jun 2016 06:20:56 GMT" time="116.674" errors="0">
  <testcase name="loginTest" time="46.451" classname="Package.TNG.Login"/>
  <testcase name="findFlightTest" time="14.803" classname="Package.TNG.FindAFlight"/>
  <testcase name="selectFlightTest" time="12.122" classname="Package.TNG.SelectAFlight"/>
  <testcase name="bookAflightTest" time="43.238" classname="Package.TNG.BookAFlight"/>
  <testcase name="confirmtest" time="0.04" classname="Package.TNG.FlightConfirmation"/>
</testsuite> <!-- Test -->
